<?xml version="1.0" encoding="UTF-8"?>
<!-- Generated by org.testng.reporters.JUnitReportReporter -->
<testsuite hostname="AkashKhanna" failures="0" tests="1" name="runner.FacebookLoginFeatureRunner" time="4.545" errors="0" timestamp="2024-07-27T23:02:23 IST" skipped="0">
  <testcase classname="runner.FacebookLoginFeatureRunner" name="runScenario" time="4.545"/>
</testsuite> <!-- runner.FacebookLoginFeatureRunner -->
